<?xml version="1.0" encoding="UTF-8"?>
<testsuite xmlns:xsi="http://www.w3.org/2001/XMLSchema-instance" xsi:noNamespaceSchemaLocation="https://maven.apache.org/surefire/maven-surefire-plugin/xsd/surefire-test-report-3.0.xsd" version="3.0" name="example.DynamodbIntegrationTest" time="6.073" tests="1" errors="0" skipped="0" failures="0">
  <properties>
    <property name="java.specification.version" value="17"/>
    <property name="sun.jnu.encoding" value="UTF-8"/>
    <property name="java.class.path" value="/Users/mikeoswald/Documents/workspace/dynamodb-testcontainer-example/target/test-classes:/Users/mikeoswald/Documents/workspace/dynamodb-testcontainer-example/target/classes:/Users/mikeoswald/.m2/repository/software/amazon/awssdk/dynamodb/2.20.12/dynamodb-2.20.12.jar:/Users/mikeoswald/.m2/repository/software/amazon/awssdk/aws-json-protocol/2.20.12/aws-json-protocol-2.20.12.jar:/Users/mikeoswald/.m2/repository/software/amazon/awssdk/third-party-jackson-core/2.20.12/third-party-jackson-core-2.20.12.jar:/Users/mikeoswald/.m2/repository/software/amazon/awssdk/protocol-core/2.20.12/protocol-core-2.20.12.jar:/Users/mikeoswald/.m2/repository/software/amazon/awssdk/profiles/2.20.12/profiles-2.20.12.jar:/Users/mikeoswald/.m2/repository/software/amazon/awssdk/sdk-core/2.20.12/sdk-core-2.20.12.jar:/Users/mikeoswald/.m2/repository/org/reactivestreams/reactive-streams/1.0.3/reactive-streams-1.0.3.jar:/Users/mikeoswald/.m2/repository/software/amazon/awssdk/auth/2.20.12/auth-2.20.12.jar:/Users/mikeoswald/.m2/repository/software/amazon/eventstream/eventstream/1.0.1/eventstream-1.0.1.jar:/Users/mikeoswald/.m2/repository/software/amazon/awssdk/http-client-spi/2.20.12/http-client-spi-2.20.12.jar:/Users/mikeoswald/.m2/repository/software/amazon/awssdk/regions/2.20.12/regions-2.20.12.jar:/Users/mikeoswald/.m2/repository/software/amazon/awssdk/annotations/2.20.12/annotations-2.20.12.jar:/Users/mikeoswald/.m2/repository/software/amazon/awssdk/utils/2.20.12/utils-2.20.12.jar:/Users/mikeoswald/.m2/repository/software/amazon/awssdk/aws-core/2.20.12/aws-core-2.20.12.jar:/Users/mikeoswald/.m2/repository/software/amazon/awssdk/metrics-spi/2.20.12/metrics-spi-2.20.12.jar:/Users/mikeoswald/.m2/repository/software/amazon/awssdk/json-utils/2.20.12/json-utils-2.20.12.jar:/Users/mikeoswald/.m2/repository/software/amazon/awssdk/endpoints-spi/2.20.12/endpoints-spi-2.20.12.jar:/Users/mikeoswald/.m2/repository/software/amazon/awssdk/apache-client/2.20.12/apache-client-2.20.12.jar:/Users/mikeoswald/.m2/repository/org/apache/httpcomponents/httpclient/4.5.13/httpclient-4.5.13.jar:/Users/mikeoswald/.m2/repository/commons-logging/commons-logging/1.2/commons-logging-1.2.jar:/Users/mikeoswald/.m2/repository/org/apache/httpcomponents/httpcore/4.4.13/httpcore-4.4.13.jar:/Users/mikeoswald/.m2/repository/commons-codec/commons-codec/1.15/commons-codec-1.15.jar:/Users/mikeoswald/.m2/repository/software/amazon/awssdk/netty-nio-client/2.20.12/netty-nio-client-2.20.12.jar:/Users/mikeoswald/.m2/repository/io/netty/netty-codec-http/4.1.86.Final/netty-codec-http-4.1.86.Final.jar:/Users/mikeoswald/.m2/repository/io/netty/netty-codec-http2/4.1.86.Final/netty-codec-http2-4.1.86.Final.jar:/Users/mikeoswald/.m2/repository/io/netty/netty-codec/4.1.86.Final/netty-codec-4.1.86.Final.jar:/Users/mikeoswald/.m2/repository/io/netty/netty-transport/4.1.86.Final/netty-transport-4.1.86.Final.jar:/Users/mikeoswald/.m2/repository/io/netty/netty-resolver/4.1.86.Final/netty-resolver-4.1.86.Final.jar:/Users/mikeoswald/.m2/repository/io/netty/netty-common/4.1.86.Final/netty-common-4.1.86.Final.jar:/Users/mikeoswald/.m2/repository/io/netty/netty-buffer/4.1.86.Final/netty-buffer-4.1.86.Final.jar:/Users/mikeoswald/.m2/repository/io/netty/netty-handler/4.1.86.Final/netty-handler-4.1.86.Final.jar:/Users/mikeoswald/.m2/repository/io/netty/netty-transport-native-unix-common/4.1.86.Final/netty-transport-native-unix-common-4.1.86.Final.jar:/Users/mikeoswald/.m2/repository/io/netty/netty-transport-classes-epoll/4.1.86.Final/netty-transport-classes-epoll-4.1.86.Final.jar:/Users/mikeoswald/.m2/repository/software/amazon/awssdk/dynamodb-enhanced/2.20.12/dynamodb-enhanced-2.20.12.jar:/Users/mikeoswald/.m2/repository/org/projectlombok/lombok/1.18.26/lombok-1.18.26.jar:/Users/mikeoswald/.m2/repository/org/slf4j/slf4j-api/2.0.7/slf4j-api-2.0.7.jar:/Users/mikeoswald/.m2/repository/org/slf4j/slf4j-simple/2.0.7/slf4j-simple-2.0.7.jar:/Users/mikeoswald/.m2/repository/org/junit/jupiter/junit-jupiter-engine/5.9.2/junit-jupiter-engine-5.9.2.jar:/Users/mikeoswald/.m2/repository/org/junit/platform/junit-platform-engine/1.9.2/junit-platform-engine-1.9.2.jar:/Users/mikeoswald/.m2/repository/org/opentest4j/opentest4j/1.2.0/opentest4j-1.2.0.jar:/Users/mikeoswald/.m2/repository/org/junit/platform/junit-platform-commons/1.9.2/junit-platform-commons-1.9.2.jar:/Users/mikeoswald/.m2/repository/org/junit/jupiter/junit-jupiter-api/5.9.2/junit-jupiter-api-5.9.2.jar:/Users/mikeoswald/.m2/repository/org/apiguardian/apiguardian-api/1.1.2/apiguardian-api-1.1.2.jar:/Users/mikeoswald/.m2/repository/org/testcontainers/testcontainers/1.18.0/testcontainers-1.18.0.jar:/Users/mikeoswald/.m2/repository/junit/junit/4.13.2/junit-4.13.2.jar:/Users/mikeoswald/.m2/repository/org/hamcrest/hamcrest-core/1.3/hamcrest-core-1.3.jar:/Users/mikeoswald/.m2/repository/org/apache/commons/commons-compress/1.22/commons-compress-1.22.jar:/Users/mikeoswald/.m2/repository/org/rnorth/duct-tape/duct-tape/1.0.8/duct-tape-1.0.8.jar:/Users/mikeoswald/.m2/repository/org/jetbrains/annotations/17.0.0/annotations-17.0.0.jar:/Users/mikeoswald/.m2/repository/com/github/docker-java/docker-java-api/3.3.0/docker-java-api-3.3.0.jar:/Users/mikeoswald/.m2/repository/com/fasterxml/jackson/core/jackson-annotations/2.10.3/jackson-annotations-2.10.3.jar:/Users/mikeoswald/.m2/repository/com/github/docker-java/docker-java-transport-zerodep/3.3.0/docker-java-transport-zerodep-3.3.0.jar:/Users/mikeoswald/.m2/repository/com/github/docker-java/docker-java-transport/3.3.0/docker-java-transport-3.3.0.jar:/Users/mikeoswald/.m2/repository/net/java/dev/jna/jna/5.12.1/jna-5.12.1.jar:/Users/mikeoswald/.m2/repository/org/testcontainers/junit-jupiter/1.18.0/junit-jupiter-1.18.0.jar:"/>
    <property name="java.vm.vendor" value="Homebrew"/>
    <property name="sun.arch.data.model" value="64"/>
    <property name="java.vendor.url" value="https://github.com/Homebrew/homebrew-core/issues"/>
    <property name="user.timezone" value="America/Chicago"/>
    <property name="os.name" value="Mac OS X"/>
    <property name="java.vm.specification.version" value="17"/>
    <property name="sun.java.launcher" value="SUN_STANDARD"/>
    <property name="user.country" value="US"/>
    <property name="sun.boot.library.path" value="/usr/local/Cellar/openjdk@17/17.0.6/libexec/openjdk.jdk/Contents/Home/lib"/>
    <property name="sun.java.command" value="/Users/mikeoswald/Documents/workspace/dynamodb-testcontainer-example/target/surefire/surefirebooter-20230502203555536_3.jar /Users/mikeoswald/Documents/workspace/dynamodb-testcontainer-example/target/surefire 2023-05-02T20-35-54_450-jvmRun1 surefire-20230502203555536_1tmp surefire_0-20230502203555536_2tmp"/>
    <property name="http.nonProxyHosts" value="local|*.local|169.254/16|*.169.254/16"/>
    <property name="jdk.debug" value="release"/>
    <property name="surefire.test.class.path" value="/Users/mikeoswald/Documents/workspace/dynamodb-testcontainer-example/target/test-classes:/Users/mikeoswald/Documents/workspace/dynamodb-testcontainer-example/target/classes:/Users/mikeoswald/.m2/repository/software/amazon/awssdk/dynamodb/2.20.12/dynamodb-2.20.12.jar:/Users/mikeoswald/.m2/repository/software/amazon/awssdk/aws-json-protocol/2.20.12/aws-json-protocol-2.20.12.jar:/Users/mikeoswald/.m2/repository/software/amazon/awssdk/third-party-jackson-core/2.20.12/third-party-jackson-core-2.20.12.jar:/Users/mikeoswald/.m2/repository/software/amazon/awssdk/protocol-core/2.20.12/protocol-core-2.20.12.jar:/Users/mikeoswald/.m2/repository/software/amazon/awssdk/profiles/2.20.12/profiles-2.20.12.jar:/Users/mikeoswald/.m2/repository/software/amazon/awssdk/sdk-core/2.20.12/sdk-core-2.20.12.jar:/Users/mikeoswald/.m2/repository/org/reactivestreams/reactive-streams/1.0.3/reactive-streams-1.0.3.jar:/Users/mikeoswald/.m2/repository/software/amazon/awssdk/auth/2.20.12/auth-2.20.12.jar:/Users/mikeoswald/.m2/repository/software/amazon/eventstream/eventstream/1.0.1/eventstream-1.0.1.jar:/Users/mikeoswald/.m2/repository/software/amazon/awssdk/http-client-spi/2.20.12/http-client-spi-2.20.12.jar:/Users/mikeoswald/.m2/repository/software/amazon/awssdk/regions/2.20.12/regions-2.20.12.jar:/Users/mikeoswald/.m2/repository/software/amazon/awssdk/annotations/2.20.12/annotations-2.20.12.jar:/Users/mikeoswald/.m2/repository/software/amazon/awssdk/utils/2.20.12/utils-2.20.12.jar:/Users/mikeoswald/.m2/repository/software/amazon/awssdk/aws-core/2.20.12/aws-core-2.20.12.jar:/Users/mikeoswald/.m2/repository/software/amazon/awssdk/metrics-spi/2.20.12/metrics-spi-2.20.12.jar:/Users/mikeoswald/.m2/repository/software/amazon/awssdk/json-utils/2.20.12/json-utils-2.20.12.jar:/Users/mikeoswald/.m2/repository/software/amazon/awssdk/endpoints-spi/2.20.12/endpoints-spi-2.20.12.jar:/Users/mikeoswald/.m2/repository/software/amazon/awssdk/apache-client/2.20.12/apache-client-2.20.12.jar:/Users/mikeoswald/.m2/repository/org/apache/httpcomponents/httpclient/4.5.13/httpclient-4.5.13.jar:/Users/mikeoswald/.m2/repository/commons-logging/commons-logging/1.2/commons-logging-1.2.jar:/Users/mikeoswald/.m2/repository/org/apache/httpcomponents/httpcore/4.4.13/httpcore-4.4.13.jar:/Users/mikeoswald/.m2/repository/commons-codec/commons-codec/1.15/commons-codec-1.15.jar:/Users/mikeoswald/.m2/repository/software/amazon/awssdk/netty-nio-client/2.20.12/netty-nio-client-2.20.12.jar:/Users/mikeoswald/.m2/repository/io/netty/netty-codec-http/4.1.86.Final/netty-codec-http-4.1.86.Final.jar:/Users/mikeoswald/.m2/repository/io/netty/netty-codec-http2/4.1.86.Final/netty-codec-http2-4.1.86.Final.jar:/Users/mikeoswald/.m2/repository/io/netty/netty-codec/4.1.86.Final/netty-codec-4.1.86.Final.jar:/Users/mikeoswald/.m2/repository/io/netty/netty-transport/4.1.86.Final/netty-transport-4.1.86.Final.jar:/Users/mikeoswald/.m2/repository/io/netty/netty-resolver/4.1.86.Final/netty-resolver-4.1.86.Final.jar:/Users/mikeoswald/.m2/repository/io/netty/netty-common/4.1.86.Final/netty-common-4.1.86.Final.jar:/Users/mikeoswald/.m2/repository/io/netty/netty-buffer/4.1.86.Final/netty-buffer-4.1.86.Final.jar:/Users/mikeoswald/.m2/repository/io/netty/netty-handler/4.1.86.Final/netty-handler-4.1.86.Final.jar:/Users/mikeoswald/.m2/repository/io/netty/netty-transport-native-unix-common/4.1.86.Final/netty-transport-native-unix-common-4.1.86.Final.jar:/Users/mikeoswald/.m2/repository/io/netty/netty-transport-classes-epoll/4.1.86.Final/netty-transport-classes-epoll-4.1.86.Final.jar:/Users/mikeoswald/.m2/repository/software/amazon/awssdk/dynamodb-enhanced/2.20.12/dynamodb-enhanced-2.20.12.jar:/Users/mikeoswald/.m2/repository/org/projectlombok/lombok/1.18.26/lombok-1.18.26.jar:/Users/mikeoswald/.m2/repository/org/slf4j/slf4j-api/2.0.7/slf4j-api-2.0.7.jar:/Users/mikeoswald/.m2/repository/org/slf4j/slf4j-simple/2.0.7/slf4j-simple-2.0.7.jar:/Users/mikeoswald/.m2/repository/org/junit/jupiter/junit-jupiter-engine/5.9.2/junit-jupiter-engine-5.9.2.jar:/Users/mikeoswald/.m2/repository/org/junit/platform/junit-platform-engine/1.9.2/junit-platform-engine-1.9.2.jar:/Users/mikeoswald/.m2/repository/org/opentest4j/opentest4j/1.2.0/opentest4j-1.2.0.jar:/Users/mikeoswald/.m2/repository/org/junit/platform/junit-platform-commons/1.9.2/junit-platform-commons-1.9.2.jar:/Users/mikeoswald/.m2/repository/org/junit/jupiter/junit-jupiter-api/5.9.2/junit-jupiter-api-5.9.2.jar:/Users/mikeoswald/.m2/repository/org/apiguardian/apiguardian-api/1.1.2/apiguardian-api-1.1.2.jar:/Users/mikeoswald/.m2/repository/org/testcontainers/testcontainers/1.18.0/testcontainers-1.18.0.jar:/Users/mikeoswald/.m2/repository/junit/junit/4.13.2/junit-4.13.2.jar:/Users/mikeoswald/.m2/repository/org/hamcrest/hamcrest-core/1.3/hamcrest-core-1.3.jar:/Users/mikeoswald/.m2/repository/org/apache/commons/commons-compress/1.22/commons-compress-1.22.jar:/Users/mikeoswald/.m2/repository/org/rnorth/duct-tape/duct-tape/1.0.8/duct-tape-1.0.8.jar:/Users/mikeoswald/.m2/repository/org/jetbrains/annotations/17.0.0/annotations-17.0.0.jar:/Users/mikeoswald/.m2/repository/com/github/docker-java/docker-java-api/3.3.0/docker-java-api-3.3.0.jar:/Users/mikeoswald/.m2/repository/com/fasterxml/jackson/core/jackson-annotations/2.10.3/jackson-annotations-2.10.3.jar:/Users/mikeoswald/.m2/repository/com/github/docker-java/docker-java-transport-zerodep/3.3.0/docker-java-transport-zerodep-3.3.0.jar:/Users/mikeoswald/.m2/repository/com/github/docker-java/docker-java-transport/3.3.0/docker-java-transport-3.3.0.jar:/Users/mikeoswald/.m2/repository/net/java/dev/jna/jna/5.12.1/jna-5.12.1.jar:/Users/mikeoswald/.m2/repository/org/testcontainers/junit-jupiter/1.18.0/junit-jupiter-1.18.0.jar:"/>
    <property name="sun.cpu.endian" value="little"/>
    <property name="user.home" value="/Users/mikeoswald"/>
    <property name="user.language" value="en"/>
    <property name="java.specification.vendor" value="Oracle Corporation"/>
    <property name="java.version.date" value="2023-01-17"/>
    <property name="java.home" value="/usr/local/Cellar/openjdk@17/17.0.6/libexec/openjdk.jdk/Contents/Home"/>
    <property name="file.separator" value="/"/>
    <property name="basedir" value="/Users/mikeoswald/Documents/workspace/dynamodb-testcontainer-example"/>
    <property name="java.vm.compressedOopsMode" value="Zero based"/>
    <property name="line.separator" value="&#10;"/>
    <property name="java.vm.specification.vendor" value="Oracle Corporation"/>
    <property name="java.specification.name" value="Java Platform API Specification"/>
    <property name="surefire.real.class.path" value="/Users/mikeoswald/Documents/workspace/dynamodb-testcontainer-example/target/surefire/surefirebooter-20230502203555536_3.jar"/>
    <property name="sun.management.compiler" value="HotSpot 64-Bit Tiered Compilers"/>
    <property name="ftp.nonProxyHosts" value="local|*.local|169.254/16|*.169.254/16"/>
    <property name="java.runtime.version" value="17.0.6+0"/>
    <property name="user.name" value="mikeoswald"/>
    <property name="path.separator" value=":"/>
    <property name="os.version" value="12.3.1"/>
    <property name="java.runtime.name" value="OpenJDK Runtime Environment"/>
    <property name="file.encoding" value="UTF-8"/>
    <property name="java.vm.name" value="OpenJDK 64-Bit Server VM"/>
    <property name="java.vendor.version" value="Homebrew"/>
    <property name="localRepository" value="/Users/mikeoswald/.m2/repository"/>
    <property name="java.vendor.url.bug" value="https://github.com/Homebrew/homebrew-core/issues"/>
    <property name="java.io.tmpdir" value="/var/folders/09/vyn_0m0d0nv51dw50zn0913m0000gn/T/"/>
    <property name="java.version" value="17.0.6"/>
    <property name="user.dir" value="/Users/mikeoswald/Documents/workspace/dynamodb-testcontainer-example"/>
    <property name="os.arch" value="x86_64"/>
    <property name="java.vm.specification.name" value="Java Virtual Machine Specification"/>
    <property name="native.encoding" value="UTF-8"/>
    <property name="java.library.path" value="/Users/mikeoswald/Library/Java/Extensions:/Library/Java/Extensions:/Network/Library/Java/Extensions:/System/Library/Java/Extensions:/usr/lib/java:."/>
    <property name="java.vm.info" value="mixed mode, sharing"/>
    <property name="java.vendor" value="Homebrew"/>
    <property name="java.vm.version" value="17.0.6+0"/>
    <property name="sun.io.unicode.encoding" value="UnicodeBig"/>
    <property name="socksNonProxyHosts" value="local|*.local|169.254/16|*.169.254/16"/>
    <property name="java.class.version" value="61.0"/>
  </properties>
  <testcase name="quickTest" classname="example.DynamodbIntegrationTest" time="5.977">
    <system-out><![CDATA[ddb address localhost
ddb port 53085
DescribeTableResponse(Table=TableDescription(AttributeDefinitions=[AttributeDefinition(AttributeName=key, AttributeType=S)], TableName=example, KeySchema=[KeySchemaElement(AttributeName=key, KeyType=HASH)], TableStatus=ACTIVE, CreationDateTime=2023-05-03T01:36:01.530Z, ProvisionedThroughput=ProvisionedThroughputDescription(LastIncreaseDateTime=1970-01-01T00:00:00Z, LastDecreaseDateTime=1970-01-01T00:00:00Z, NumberOfDecreasesToday=0, ReadCapacityUnits=10, WriteCapacityUnits=10), TableSizeBytes=0, ItemCount=0, TableArn=arn:aws:dynamodb:ddblocal:000000000000:table/example))
]]></system-out>
    <system-err><![CDATA[[main] INFO org.testcontainers.utility.ImageNameSubstitutor - Image name substitution will be performed by: DefaultImageNameSubstitutor (composite of 'ConfigurationFileImageNameSubstitutor' and 'PrefixingImageNameSubstitutor')
[main] INFO org.testcontainers.dockerclient.DockerClientProviderStrategy - Loaded org.testcontainers.dockerclient.UnixSocketClientProviderStrategy from ~/.testcontainers.properties, will try it first
[main] INFO org.testcontainers.dockerclient.DockerClientProviderStrategy - Found Docker environment with local Unix socket (unix:///var/run/docker.sock)
[main] INFO org.testcontainers.DockerClientFactory - Docker host IP address is localhost
[main] INFO org.testcontainers.DockerClientFactory - Connected to docker: 
  Server Version: 20.10.11
  API Version: 1.41
  Operating System: Docker Desktop
  Total Memory: 1985 MB
[main] INFO tc.testcontainers/ryuk:0.4.0 - Creating container for image: testcontainers/ryuk:0.4.0
[main] INFO org.testcontainers.utility.RegistryAuthLocator - Credential helper/store (docker-credential-desktop) does not have credentials for https://index.docker.io/v1/
[main] INFO tc.testcontainers/ryuk:0.4.0 - Container testcontainers/ryuk:0.4.0 is starting: 85a95d208f0284da6b7137fc7299c818478adfca2ed3b0a893a1a2bdc7cd2634
[main] INFO tc.testcontainers/ryuk:0.4.0 - Container testcontainers/ryuk:0.4.0 started in PT0.889328S
[main] INFO org.testcontainers.utility.RyukResourceReaper - Ryuk started - will monitor and terminate Testcontainers containers on JVM exit
[main] INFO org.testcontainers.DockerClientFactory - Checking the system...
[main] INFO org.testcontainers.DockerClientFactory - ✔︎ Docker server version should be at least 1.6.0
[main] INFO tc.amazon/dynamodb-local:latest - Creating container for image: amazon/dynamodb-local:latest
[main] INFO tc.amazon/dynamodb-local:latest - Container amazon/dynamodb-local:latest is starting: 94ad8761c44268f27181bc9b58a0c29faa5d7b6d4e129a8a0a308b888ba58b25
[main] INFO tc.amazon/dynamodb-local:latest - Container amazon/dynamodb-local:latest started in PT2.490202S
]]></system-err>
  </testcase>
</testsuite>